<?xml version="1.0" encoding="UTF-8"?>
<!-- Generated by org.testng.reporters.JUnitReportReporter -->
<testsuite skipped="0" hostname="QA90" name="com.uktd.qa.testcases.LoginTest" tests="1" failures="0" timestamp="14 May 2019 13:30:07 GMT" time="0.015" errors="0">
  <testcase name="f" time="0.015" classname="com.uktd.qa.testcases.LoginTest"/>
</testsuite> <!-- com.uktd.qa.testcases.LoginTest -->
