<?xml version="1.0" encoding="UTF-8"?>
<!-- Generated by org.testng.reporters.JUnitReportReporter -->
<testsuite hostname="swapnil-PC" failures="0" tests="1" name="com.uktd.qa.testcases.LoginTest" time="0.034" errors="0" timestamp="14 May 2019 18:16:10 GMT" skipped="0">
  <testcase classname="com.uktd.qa.testcases.LoginTest" name="f" time="0.034"/>
</testsuite> <!-- com.uktd.qa.testcases.LoginTest -->
